SF:lib\App.dart
DA:9,1
DA:12,1
DA:14,1
DA:15,7
DA:16,1
DA:18,1
DA:19,1
DA:20,1
DA:22,1
LF:9
LH:9
end_of_record
SF:lib\Helpers\AppNavigations\NavigationConfig.dart
DA:16,0
DA:18,0
DA:21,3
DA:23,0
DA:26,0
DA:28,0
DA:31,0
DA:33,0
LF:8
LH:1
end_of_record
SF:lib\Helpers\AppNavigations\NavigationHelpers.dart
DA:9,0
DA:17,1
DA:26,0
DA:87,0
DA:88,0
DA:89,0
DA:90,0
DA:91,0
DA:92,0
DA:93,0
DA:94,0
DA:95,0
DA:96,0
DA:97,0
DA:98,0
DA:99,0
DA:100,0
DA:101,0
DA:102,0
DA:103,0
DA:104,0
DA:105,0
DA:106,0
DA:107,0
DA:108,0
DA:109,0
DA:110,0
DA:111,0
DA:115,0
DA:116,0
DA:117,0
DA:118,0
DA:122,0
DA:154,0
DA:157,0
DA:158,0
DA:159,0
DA:160,0
DA:161,0
DA:164,0
DA:165,0
DA:168,0
DA:169,0
DA:171,0
DA:172,0
DA:173,0
DA:175,0
DA:179,0
DA:180,0
DA:184,0
DA:186,0
DA:188,0
DA:189,0
DA:190,0
DA:192,0
DA:196,0
DA:197,0
DA:201,0
DA:203,0
DA:205,0
DA:206,0
DA:207,0
DA:209,0
DA:213,0
DA:214,0
DA:218,0
DA:220,0
DA:221,0
DA:222,0
DA:226,0
DA:230,0
DA:235,0
DA:237,0
DA:238,0
DA:239,0
DA:241,0
DA:242,0
DA:244,0
DA:248,0
DA:249,0
DA:250,0
DA:259,1
DA:261,0
DA:262,0
DA:264,0
DA:265,0
DA:266,0
DA:267,0
DA:268,0
DA:271,0
DA:272,0
DA:273,0
DA:274,0
DA:275,0
DA:280,0
DA:281,0
DA:282,0
LF:97
LH:2
end_of_record
SF:lib\Helpers\AppNavigations\NavigationHelperMixin.dart
DA:9,0
DA:11,0
DA:12,0
DA:15,0
DA:17,0
DA:18,0
DA:22,0
DA:25,0
DA:26,0
LF:9
LH:0
end_of_record
SF:lib\BOs\NotesBO\NotesBO.g.dart
DA:13,0
DA:15,0
DA:16,0
DA:17,0
DA:19,0
DA:20,0
DA:21,0
DA:22,0
DA:26,0
DA:29,0
DA:30,0
DA:31,0
DA:32,0
DA:33,0
DA:34,0
DA:35,0
DA:38,0
DA:39,0
DA:41,0
DA:44,0
DA:45,0
DA:46,0
LF:22
LH:0
end_of_record
SF:lib\BOs\NotesBO\NotesBO.dart
DA:16,0
DA:18,0
DA:19,0
DA:20,0
DA:21,0
DA:22,0
LF:6
LH:0
end_of_record
SF:lib\Helpers\AppConstants.dart
DA:5,0
LF:1
LH:0
end_of_record
SF:lib\Pages\HomeScreen\HomeScreen.dart
DA:11,0
DA:13,0
DA:14,0
DA:29,0
DA:31,0
DA:32,0
DA:33,0
DA:34,0
DA:35,0
DA:40,0
DA:42,0
DA:44,0
DA:45,0
DA:47,0
DA:48,0
DA:49,0
DA:50,0
DA:51,0
DA:60,0
DA:62,0
DA:64,0
DA:65,0
DA:76,0
DA:77,0
DA:78,0
DA:80,0
DA:81,0
DA:82,0
DA:95,0
DA:97,0
DA:98,0
DA:114,0
DA:115,0
DA:116,0
DA:117,0
DA:118,0
DA:119,0
DA:121,0
DA:122,0
DA:124,0
DA:125,0
DA:126,0
DA:127,0
DA:131,0
DA:132,0
DA:133,0
DA:137,0
DA:147,0
DA:148,0
DA:149,0
DA:151,0
DA:154,0
DA:157,0
DA:158,0
DA:159,0
DA:163,0
DA:164,0
LF:57
LH:0
end_of_record
SF:lib\Pages\NotesEditorScreen\NotesEditorScreen.dart
DA:13,0
DA:14,0
DA:15,0
DA:16,0
DA:19,0
DA:20,0
DA:27,0
DA:29,0
DA:30,0
DA:31,0
DA:33,0
DA:34,0
DA:35,0
DA:37,0
DA:38,0
DA:42,0
DA:43,0
DA:44,0
DA:45,0
DA:46,0
DA:48,0
DA:49,0
DA:56,0
DA:57,0
DA:59,0
DA:60,0
DA:61,0
DA:62,0
DA:63,0
DA:64,0
DA:65,0
DA:66,0
DA:152,0
DA:153,0
DA:155,0
DA:156,0
DA:157,0
DA:158,0
DA:159,0
DA:160,0
DA:161,0
DA:162,0
DA:253,0
DA:255,0
DA:257,0
DA:258,0
DA:260,0
DA:262,0
DA:263,0
DA:264,0
DA:265,0
DA:266,0
DA:267,0
DA:269,0
DA:272,0
DA:273,0
DA:286,0
DA:289,0
DA:290,0
DA:301,0
DA:302,0
DA:304,0
DA:306,0
DA:310,0
DA:311,0
DA:327,0
DA:329,0
DA:330,0
DA:331,0
DA:332,0
DA:349,0
DA:350,0
LF:72
LH:0
end_of_record
SF:lib\Pages\SearchNotesScreen\SearchNotesScreen.dart
DA:11,0
DA:13,0
DA:14,0
DA:23,0
DA:25,0
DA:28,0
DA:30,0
DA:32,0
DA:33,0
DA:35,0
DA:37,0
DA:38,0
DA:39,0
DA:40,0
DA:49,0
DA:63,0
DA:65,0
DA:66,0
DA:67,0
DA:76,0
DA:78,0
DA:79,0
DA:81,0
DA:94,0
DA:95,0
DA:96,0
DA:97,0
DA:98,0
DA:99,0
DA:100,0
DA:102,0
DA:103,0
DA:104,0
DA:105,0
DA:106,0
DA:108,0
DA:110,0
DA:113,0
DA:116,0
DA:117,0
DA:118,0
DA:122,0
DA:123,0
DA:135,0
DA:137,0
DA:140,0
DA:141,0
DA:145,0
DA:146,0
LF:49
LH:0
end_of_record
SF:lib\Pages\SplashScreen\SplashScreen.dart
DA:4,0
DA:6,0
LF:2
LH:0
end_of_record
SF:lib\Helpers\AppNavigations\NavigationMixin.dart
DA:10,0
DA:11,0
DA:14,0
DA:15,0
DA:27,0
DA:38,0
DA:49,0
DA:61,0
DA:74,0
LF:9
LH:0
end_of_record
SF:lib\Helpers\Mixins\PopupMixin.dart
DA:7,0
DA:13,0
DA:14,0
DA:16,0
DA:17,0
LF:5
LH:0
end_of_record
SF:lib\Helpers\ServiceHelper.dart
DA:8,0
DA:12,0
DA:15,0
DA:25,0
DA:32,0
DA:34,0
DA:38,0
DA:52,0
DA:53,0
DA:54,0
DA:59,0
DA:60,0
DA:69,0
DA:71,0
DA:77,0
DA:84,0
DA:86,0
DA:90,0
DA:92,0
DA:93,0
DA:100,0
DA:110,0
DA:111,0
DA:112,0
DA:117,0
DA:118,0
DA:127,0
DA:129,0
DA:341,0
LF:29
LH:0
end_of_record
SF:lib\Pages\HomeScreen\HomeScreenVM.dart
DA:13,0
DA:15,0
DA:16,0
DA:20,0
DA:24,0
DA:26,0
DA:27,0
DA:31,0
DA:35,0
DA:36,0
DA:37,0
DA:38,0
DA:39,0
DA:40,0
DA:45,0
DA:46,0
DA:47,0
DA:48,0
LF:18
LH:0
end_of_record
SF:lib\Pages\HomeScreen\HomeScreenModel.dart
DA:19,0
DA:21,0
DA:24,0
DA:26,0
LF:4
LH:0
end_of_record
SF:lib\Pages\HomeScreen\HomeScreenModel.g.dart
DA:15,0
DA:17,0
DA:18,0
DA:21,0
DA:23,0
DA:24,0
DA:31,0
DA:33,0
DA:34,0
DA:37,0
DA:39,0
DA:40,0
DA:47,0
DA:49,0
DA:52,0
DA:54,0
DA:58,0
DA:60,0
DA:63,0
DA:65,0
DA:69,0
DA:72,0
DA:73,0
DA:74,0
LF:24
LH:0
end_of_record
SF:lib\Services\PlatformServices\PlatformHiveLocalDbService\PlatformHiveLocalDbService.dart
DA:7,0
DA:9,0
DA:10,0
DA:13,0
DA:15,0
DA:16,0
DA:19,0
DA:22,0
DA:23,0
DA:24,0
DA:25,0
DA:28,0
DA:29,0
DA:30,0
DA:33,0
DA:36,0
DA:38,0
DA:39,0
LF:18
LH:0
end_of_record
SF:lib\Pages\NotesEditorScreen\NotesEditorScreenVM.dart
DA:10,0
DA:13,0
DA:14,0
DA:18,0
DA:23,0
DA:27,0
DA:29,0
DA:31,0
DA:32,0
DA:33,0
DA:36,0
DA:37,0
DA:40,0
DA:42,0
DA:43,0
DA:47,0
DA:48,0
DA:50,0
DA:51,0
DA:55,0
DA:57,0
DA:60,0
LF:22
LH:0
end_of_record
SF:lib\Pages\Popups\DiscardChangesPopup\DiscardChangesPopup.dart
DA:11,0
DA:13,0
DA:14,0
DA:23,0
DA:25,0
DA:27,0
DA:32,0
DA:36,0
DA:39,0
DA:41,0
DA:42,0
DA:45,0
DA:47,0
DA:48,0
DA:49,0
DA:73,0
DA:74,0
DA:76,0
DA:77,0
DA:79,0
DA:81,0
DA:82,0
DA:83,0
DA:85,0
DA:86,0
DA:87,0
DA:91,0
DA:92,0
DA:107,0
DA:109,0
DA:110,0
DA:112,0
DA:113,0
DA:114,0
DA:118,0
DA:119,0
LF:36
LH:0
end_of_record
SF:lib\Pages\Popups\SaveChangesPopup\SaveChangesPopup.dart
DA:11,0
DA:13,0
DA:14,0
DA:23,0
DA:25,0
DA:27,0
DA:32,0
DA:36,0
DA:39,0
DA:41,0
DA:42,0
DA:45,0
DA:47,0
DA:48,0
DA:49,0
DA:71,0
DA:72,0
DA:74,0
DA:75,0
DA:78,0
DA:79,0
DA:81,0
DA:82,0
DA:83,0
DA:87,0
DA:88,0
DA:101,0
DA:104,0
DA:105,0
DA:107,0
DA:108,0
DA:109,0
DA:113,0
DA:114,0
LF:34
LH:0
end_of_record
SF:lib\Pages\NotesEditorScreen\NotesEditorScreenModel.g.dart
DA:12,0
LF:1
LH:0
end_of_record
SF:lib\Pages\SearchNotesScreen\SearchNotesScreenVM.dart
DA:8,0
DA:10,0
DA:11,0
DA:15,0
DA:16,0
DA:17,0
DA:18,0
DA:22,0
DA:23,0
DA:25,0
DA:26,0
DA:29,0
DA:32,0
DA:36,0
DA:38,0
DA:39,0
DA:40,0
DA:43,0
DA:47,0
DA:49,0
DA:50,0
DA:54,0
DA:58,0
DA:60,0
DA:65,0
LF:25
LH:0
end_of_record
SF:lib\Pages\SearchNotesScreen\SearchNotesScreenModel.g.dart
DA:15,0
DA:17,0
DA:18,0
DA:21,0
DA:23,0
DA:24,0
DA:31,0
DA:33,0
DA:34,0
DA:37,0
DA:39,0
DA:40,0
DA:47,0
DA:49,0
DA:50,0
DA:52,0
DA:54,0
DA:58,0
DA:60,0
DA:61,0
DA:63,0
DA:65,0
DA:69,0
DA:72,0
DA:73,0
DA:74,0
LF:26
LH:0
end_of_record
SF:lib\Pages\SearchNotesScreen\SearchNotesScreenModel.dart
DA:20,0
DA:22,0
DA:25,0
DA:27,0
LF:4
LH:0
end_of_record
